2026-06-28T07:10:18.965+07:00  INFO 3620 --- [live-football] [main] c.d.l.LiveFootballApplicationTests       : Starting LiveFootballApplicationTests using Java 25.0.3 with PID 3620 (started by d3l in d:\dtm\live-football)
2026-06-28T07:10:18.968+07:00  INFO 3620 --- [live-football] [main] c.d.l.LiveFootballApplicationTests       : No active profile set, falling back to 1 default profile: "default"
2026-06-28T07:10:19.534+07:00  INFO 3620 --- [live-football] [main] .s.d.r.c.RepositoryConfigurationDelegate : Bootstrapping Spring Data JPA repositories in DEFAULT mode.
2026-06-28T07:10:19.582+07:00  INFO 3620 --- [live-football] [main] .s.d.r.c.RepositoryConfigurationDelegate : Finished Spring Data repository scanning in 42 ms. Found 7 JPA repository interfaces.
2026-06-28T07:10:19.996+07:00  INFO 3620 --- [live-football] [main] o.hibernate.jpa.internal.util.LogHelper  : HHH000204: Processing PersistenceUnitInfo [name: default]
2026-06-28T07:10:20.041+07:00  INFO 3620 --- [live-football] [main] org.hibernate.Version                    : HHH000412: Hibernate ORM core version 6.6.13.Final
2026-06-28T07:10:20.067+07:00  INFO 3620 --- [live-football] [main] o.h.c.internal.RegionFactoryInitiator    : HHH000026: Second-level cache disabled
2026-06-28T07:10:20.267+07:00  INFO 3620 --- [live-football] [main] o.s.o.j.p.SpringPersistenceUnitInfo      : No LoadTimeWeaver setup: ignoring JPA class transformer
2026-06-28T07:10:20.288+07:00  INFO 3620 --- [live-football] [main] com.zaxxer.hikari.HikariDataSource       : HikariPool-1 - Starting...
2026-06-28T07:10:25.392+07:00  INFO 3620 --- [live-football] [main] com.zaxxer.hikari.pool.HikariPool        : HikariPool-1 - Added connection com.mysql.cj.jdbc.ConnectionImpl@75add13c
2026-06-28T07:10:25.394+07:00  INFO 3620 --- [live-football] [main] com.zaxxer.hikari.HikariDataSource       : HikariPool-1 - Start completed.
2026-06-28T07:10:25.470+07:00  WARN 3620 --- [live-football] [main] org.hibernate.dialect.Dialect            : HHH000511: The 5.5.5 version for [org.hibernate.dialect.MySQLDialect] is no longer supported, hence certain features may not work properly. The minimum supported version is 8.0.0. Check the community dialects project for available legacy versions.
2026-06-28T07:10:25.481+07:00  INFO 3620 --- [live-football] [main] org.hibernate.orm.connections.pooling    : HHH10001005: Database info:
	Database JDBC URL [Connecting through datasource 'HikariDataSource (HikariPool-1)']
	Database driver: undefined/unknown
	Database version: 5.5.5
	Autocommit mode: undefined/unknown
	Isolation level: undefined/unknown
	Minimum pool size: undefined/unknown
	Maximum pool size: undefined/unknown
2026-06-28T07:10:26.083+07:00  INFO 3620 --- [live-football] [main] o.h.e.t.j.p.i.JtaPlatformInitiator       : HHH000489: No JTA platform available (set 'hibernate.transaction.jta.platform' to enable JTA platform integration)
2026-06-28T07:10:26.785+07:00  INFO 3620 --- [live-football] [main] j.LocalContainerEntityManagerFactoryBean : Initialized JPA EntityManagerFactory for persistence unit 'default'
2026-06-28T07:10:27.144+07:00  WARN 3620 --- [live-football] [main] .s.s.UserDetailsServiceAutoConfiguration : 

Using generated security password: 0436e9f1-8868-4bda-9f5c-723b1b5df68c

This generated password is for development use only. Your security configuration must be updated before running your application in production.

2026-06-28T07:10:27.149+07:00  INFO 3620 --- [live-football] [main] r$InitializeUserDetailsManagerConfigurer : Global AuthenticationManager configured with UserDetailsService bean with name inMemoryUserDetailsManager
2026-06-28T07:10:27.493+07:00  INFO 3620 --- [live-football] [main] o.s.b.a.e.web.EndpointLinksResolver      : Exposing 1 endpoint beneath base path '/actuator'
2026-06-28T07:10:27.823+07:00  INFO 3620 --- [live-football] [main] c.d.l.LiveFootballApplicationTests       : Started LiveFootballApplicationTests in 9.042 seconds (process running for 9.665)
2026-06-28T07:10:28.381+07:00  INFO 3620 --- [live-football] [SpringApplicationShutdownHook] j.LocalContainerEntityManagerFactoryBean : Closing JPA EntityManagerFactory for persistence unit 'default'
2026-06-28T07:10:28.382+07:00  INFO 3620 --- [live-football] [SpringApplicationShutdownHook] com.zaxxer.hikari.HikariDataSource       : HikariPool-1 - Shutdown initiated...
2026-06-28T07:10:30.271+07:00  INFO 3620 --- [live-football] [SpringApplicationShutdownHook] com.zaxxer.hikari.HikariDataSource       : HikariPool-1 - Shutdown completed.
